android/build/intermediates/manifest_merge_blame_file/debug/manifest-merger-blame-debug-report.txt
1<?xml version="1.0" encoding="utf-8"?>
2<manifest xmlns:android="http://schemas.android.com/apk/res/android"
3    package="jp.techacademy.kenji.takada.jumpactiongame"
4    android:versionCode="1"
5    android:versionName="1.0" >
6
7    <uses-sdk
8        android:minSdkVersion="9"
8-->JumpActionGame\android\AndroidManifest.xml
9        android:targetSdkVersion="30" />
9-->JumpActionGame\android\AndroidManifest.xml
10
11    <!-- 9にする -->
12    <!-- <uses-sdk android:minSdkVersion="9" android:targetSdkVersion="27" /> -->
13
14
15    <!-- AdMobに必要なPermissionを設定する -->
16    <uses-permission android:name="android.permission.INTERNET" />
16-->JumpActionGame\android\AndroidManifest.xml:11:5-66
16-->JumpActionGame\android\AndroidManifest.xml:11:22-64
17    <uses-permission android:name="android.permission.ACCESS_NETWORK_STATE" />
17-->JumpActionGame\android\AndroidManifest.xml:12:5-78
17-->JumpActionGame\android\AndroidManifest.xml:12:22-76
18
19    <application
19-->JumpActionGame\android\AndroidManifest.xml:14:5-44:19
20        android:allowBackup="true"
20-->JumpActionGame\android\AndroidManifest.xml:15:9-35
21        android:appCategory="game"
21-->JumpActionGame\android\AndroidManifest.xml:18:9-35
22        android:debuggable="true"
23        android:icon="@drawable/jamp_action_game_icon"
23-->JumpActionGame\android\AndroidManifest.xml:16:9-55
24        android:isGame="true"
24-->JumpActionGame\android\AndroidManifest.xml:17:9-30
25        android:label="@string/app_name"
25-->JumpActionGame\android\AndroidManifest.xml:19:9-41
26        android:testOnly="true"
27        android:theme="@style/GdxTheme" >
27-->JumpActionGame\android\AndroidManifest.xml:20:9-40
28
29        <!-- AdMobに必要なMetaDataを設定する -->
30        <meta-data
30-->JumpActionGame\android\AndroidManifest.xml:23:9-24:69
31            android:name="com.google.android.gms.version"
31-->JumpActionGame\android\AndroidManifest.xml:23:20-65
32            android:value="@integer/google_play_services_version" />
32-->JumpActionGame\android\AndroidManifest.xml:24:13-66
33
34        <activity
34-->JumpActionGame\android\AndroidManifest.xml:27:9-36:20
35            android:name="jp.techacademy.kenji.takada.jumpactiongame.AndroidLauncher"
35-->JumpActionGame\android\AndroidManifest.xml:28:13-86
36            android:configChanges="keyboard|keyboardHidden|navigation|orientation|screenSize|screenLayout"
36-->JumpActionGame\android\AndroidManifest.xml:31:13-107
37            android:label="@string/app_name"
37-->JumpActionGame\android\AndroidManifest.xml:29:13-45
38            android:screenOrientation="portrait" >
38-->JumpActionGame\android\AndroidManifest.xml:30:13-49
39            <intent-filter>
39-->JumpActionGame\android\AndroidManifest.xml:32:13-35:29
40                <action android:name="android.intent.action.MAIN" />
40-->JumpActionGame\android\AndroidManifest.xml:33:17-69
40-->JumpActionGame\android\AndroidManifest.xml:33:25-66
41
42                <category android:name="android.intent.category.LAUNCHER" />
42-->JumpActionGame\android\AndroidManifest.xml:34:17-77
42-->JumpActionGame\android\AndroidManifest.xml:34:27-74
43            </intent-filter>
44        </activity>
45
46        <!-- AdMobが使うActivityを定義する -->
47        <activity
47-->JumpActionGame\android\AndroidManifest.xml:39:9-41:64
48            android:name="com.google.android.gms.ads.AdActivity"
48-->JumpActionGame\android\AndroidManifest.xml:39:19-71
49            android:configChanges="keyboard|keyboardHidden|orientation|screenLayout|uiMode|screenSize|smallestScreenSize"
49-->JumpActionGame\android\AndroidManifest.xml:40:13-122
50            android:theme="@android:style/Theme.Translucent" />
50-->JumpActionGame\android\AndroidManifest.xml:41:13-61
51    </application>
52
53</manifest>